2021-03-25 21:24:30.488102 >>> {command: get_health}
2021-03-25 21:24:31.659759 <<< {isError: false, response: {status: ok}, type: _extensionType, method: ext.flutter.driver}
2021-03-25 21:24:31.702252 >>> {command: waitForCondition, timeout: 30000, conditionName: NoTransientCallbacksCondition}
2021-03-25 21:24:33.375346 <<< {isError: false, response: null, type: _extensionType, method: ext.flutter.driver}
2021-03-25 21:24:33.392572 >>> {command: get_text, timeout: 30000, finderType: ByValueKey, keyValueString: movieCard, keyValueType: String}
2021-03-25 21:33:48.547167 >>> {command: get_health}
2021-03-25 21:33:49.816582 <<< {isError: false, response: {status: ok}, type: _extensionType, method: ext.flutter.driver}
2021-03-25 21:33:49.866451 >>> {command: waitForCondition, timeout: 30000, conditionName: NoTransientCallbacksCondition}
2021-03-25 21:33:56.615898 <<< {isError: false, response: null, type: _extensionType, method: ext.flutter.driver}
2021-03-25 21:33:56.673121 >>> {command: get_text, timeout: 30000, finderType: ByValueKey, keyValueString: movieCard, keyValueType: String}
2021-03-25 21:39:46.299482 >>> {command: get_health}
2021-03-25 21:39:46.524150 <<< {isError: false, response: {status: ok}, type: _extensionType, method: ext.flutter.driver}
2021-03-25 21:39:46.567828 >>> {command: waitForCondition, timeout: 30000, conditionName: NoTransientCallbacksCondition}
2021-03-25 21:39:47.595004 <<< {isError: false, response: null, type: _extensionType, method: ext.flutter.driver}
2021-03-25 21:39:47.613218 >>> {command: get_text, timeout: 30000, finderType: ByValueKey, keyValueString: movieCard, keyValueType: String}
2021-03-25 21:49:24.418474 >>> {command: get_health}
2021-03-25 21:49:25.165712 <<< {isError: false, response: {status: ok}, type: _extensionType, method: ext.flutter.driver}
2021-03-25 21:49:25.246265 >>> {command: waitForCondition, timeout: 30000, conditionName: NoTransientCallbacksCondition}
2021-03-25 21:49:26.289172 <<< {isError: false, response: null, type: _extensionType, method: ext.flutter.driver}
2021-03-25 21:49:26.311389 >>> {command: get_text, timeout: 30000, finderType: ByValueKey, keyValueString: movieCard, keyValueType: String}
2021-03-25 21:51:18.614167 >>> {command: get_health}
2021-03-25 21:51:19.127936 <<< {isError: false, response: {status: ok}, type: _extensionType, method: ext.flutter.driver}
2021-03-25 21:51:19.173390 >>> {command: waitForCondition, timeout: 30000, conditionName: NoTransientCallbacksCondition}
2021-03-25 21:51:20.206736 <<< {isError: false, response: null, type: _extensionType, method: ext.flutter.driver}
2021-03-25 21:51:20.224168 >>> {command: get_text, timeout: 30000, finderType: ByValueKey, keyValueString: movieCard, keyValueType: String}
2021-03-25 21:52:37.207043 >>> {command: get_health}
2021-03-25 21:52:37.428421 <<< {isError: false, response: {status: ok}, type: _extensionType, method: ext.flutter.driver}
2021-03-25 21:52:37.481496 >>> {command: waitForCondition, timeout: 30000, conditionName: NoTransientCallbacksCondition}
2021-03-25 21:52:52.172145 >>> {command: get_text, timeout: 30000, finderType: ByValueKey, keyValueString: movieCard, keyValueType: String}
2021-03-25 22:01:01.879654 >>> {command: get_health}
2021-03-25 22:01:02.264893 <<< {isError: false, response: {status: ok}, type: _extensionType, method: ext.flutter.driver}
2021-03-25 22:01:02.318847 >>> {command: waitForCondition, timeout: 30000, conditionName: NoTransientCallbacksCondition}
2021-03-25 22:01:16.816824 >>> {command: get_text, timeout: 30000, finderType: ByValueKey, keyValueString: movieCard, keyValueType: String}
2021-03-25 22:02:50.521438 >>> {command: get_health}
2021-03-25 22:02:50.764159 <<< {isError: false, response: {status: ok}, type: _extensionType, method: ext.flutter.driver}
2021-03-25 22:02:50.819151 >>> {command: waitForCondition, timeout: 30000, conditionName: NoTransientCallbacksCondition}
2021-03-25 22:02:51.734193 <<< {isError: false, response: null, type: _extensionType, method: ext.flutter.driver}
2021-03-25 22:02:51.779310 >>> {command: get_text, timeout: 30000, finderType: ByValueKey, keyValueString: movieCard, keyValueType: String}
2021-03-26 16:01:19.659945 >>> {command: get_health}
2021-03-26 16:01:19.692044 <<< {isError: false, response: {status: ok}, type: _extensionType, method: ext.flutter.driver}
2021-03-27 16:53:39.872307 >>> {command: get_health}
2021-03-27 16:53:39.905697 <<< {isError: false, response: {status: ok}, type: _extensionType, method: ext.flutter.driver}
2021-03-27 16:54:46.236484 >>> {command: get_health}
2021-03-27 16:54:46.482726 <<< {isError: false, response: {status: ok}, type: _extensionType, method: ext.flutter.driver}
2021-03-27 16:54:46.529633 >>> {command: waitForCondition, timeout: 30000, conditionName: NoTransientCallbacksCondition}
2021-03-27 16:54:46.628698 <<< {isError: false, response: null, type: _extensionType, method: ext.flutter.driver}
2021-03-27 16:54:46.651848 >>> {command: get_text, timeout: 30000, finderType: ByValueKey, keyValueString: movieCard, keyValueType: String}
2021-03-27 17:01:31.283339 >>> {command: get_health}
2021-03-27 17:01:31.322964 <<< {isError: false, response: {status: ok}, type: _extensionType, method: ext.flutter.driver}
2021-03-27 17:01:31.371449 >>> {command: waitForCondition, timeout: 30000, conditionName: NoTransientCallbacksCondition}
2021-03-27 17:01:36.414015 <<< {isError: false, response: null, type: _extensionType, method: ext.flutter.driver}
2021-03-27 17:01:36.437497 >>> {command: get_text, timeout: 30000, finderType: ByValueKey, keyValueString: movieListed, keyValueType: String}
2021-03-27 17:01:36.507541 <<< {isError: true, response: Uncaught extension error while executing get_text: Bad state: Too many elements
#0      Iterable.single (dart:core/iterable.dart:500:24)
#1      CommandHandlerFactory._getText (package:flutter_driver/src/common/handler_factory.dart:386:45)
<asynchronous suspension>
#2      Future.timeout.<anonymous closure> (dart:async/future_impl.dart)
<asynchronous suspension>
#3      FlutterDriverExtension.call (package:flutter_driver/src/extension/extension.dart:378:32)
<asynchronous suspension>
#4      BindingBase.registerServiceExtension.<anonymous closure> (package:flutter/src/foundation/binding.dart:597:18)
<asynchronous suspension>
, type: _extensionType, method: ext.flutter.driver}
2021-03-27 17:05:38.555422 >>> {command: get_health}
2021-03-27 17:05:38.697586 <<< {isError: false, response: {status: ok}, type: _extensionType, method: ext.flutter.driver}
2021-03-27 17:05:38.765995 >>> {command: waitForCondition, timeout: 30000, conditionName: NoTransientCallbacksCondition}
2021-03-27 17:05:38.846981 <<< {isError: false, response: null, type: _extensionType, method: ext.flutter.driver}
2021-03-27 17:05:38.894143 >>> {command: get_text, timeout: 30000, finderType: ByValueKey, keyValueString: movieListed, keyValueType: String}
2021-03-27 17:05:38.993649 <<< {isError: true, response: Uncaught extension error while executing get_text: Bad state: Too many elements
#0      Iterable.single (dart:core/iterable.dart:500:24)
#1      CommandHandlerFactory._getText (package:flutter_driver/src/common/handler_factory.dart:386:45)
<asynchronous suspension>
#2      Future.timeout.<anonymous closure> (dart:async/future_impl.dart)
<asynchronous suspension>
#3      FlutterDriverExtension.call (package:flutter_driver/src/extension/extension.dart:378:32)
<asynchronous suspension>
#4      BindingBase.registerServiceExtension.<anonymous closure> (package:flutter/src/foundation/binding.dart:597:18)
<asynchronous suspension>
, type: _extensionType, method: ext.flutter.driver}
2021-03-27 17:16:42.662806 >>> {command: get_health}
2021-03-27 17:16:42.713445 <<< {isError: false, response: {status: ok}, type: _extensionType, method: ext.flutter.driver}
2021-03-27 17:16:42.774039 >>> {command: waitFor, timeout: 1000, finderType: ByValueKey, keyValueString: movieListed, keyValueType: String}
2021-03-27 17:16:43.061820 <<< {isError: false, response: {}, type: _extensionType, method: ext.flutter.driver}
2021-03-27 17:34:10.288481 >>> {command: get_health}
2021-03-27 17:34:10.524644 <<< {isError: false, response: {status: ok}, type: _extensionType, method: ext.flutter.driver}
2021-03-27 17:34:10.603996 >>> {command: waitFor, timeout: 1000, finderType: ByValueKey, keyValueString: movieListed, keyValueType: String}
2021-03-27 17:34:10.754521 <<< {isError: false, response: {}, type: _extensionType, method: ext.flutter.driver}
2021-03-27 17:36:21.567820 >>> {command: get_health}
2021-03-27 17:36:21.611644 <<< {isError: false, response: {status: ok}, type: _extensionType, method: ext.flutter.driver}
2021-03-27 17:36:21.659116 >>> {command: waitFor, timeout: 1000, finderType: ByValueKey, keyValueString: movieListed, keyValueType: String}
2021-03-27 17:36:21.705844 <<< {isError: false, response: {}, type: _extensionType, method: ext.flutter.driver}
2021-03-27 17:48:25.493662 >>> {command: get_health}
2021-03-27 17:48:25.774100 <<< {isError: false, response: {status: ok}, type: _extensionType, method: ext.flutter.driver}
2021-03-27 17:48:25.827817 >>> {command: waitFor, timeout: 1000, finderType: ByValueKey, keyValueString: movieListed, keyValueType: String}
2021-03-27 17:48:25.880303 <<< {isError: false, response: {}, type: _extensionType, method: ext.flutter.driver}
2021-03-27 17:51:41.828343 >>> {command: get_health}
2021-03-27 17:51:41.890078 <<< {isError: false, response: {status: ok}, type: _extensionType, method: ext.flutter.driver}
2021-03-27 17:51:41.945561 >>> {command: waitFor, timeout: 1000, finderType: ByValueKey, keyValueString: movieListed, keyValueType: String}
2021-03-27 17:51:43.013706 <<< {isError: true, response: Timeout while executing waitFor: TimeoutException after 0:00:01.000000: Future not completed
, type: _extensionType, method: ext.flutter.driver}
2021-03-27 17:54:48.903614 >>> {command: get_health}
2021-03-27 17:54:48.977101 <<< {isError: false, response: {status: ok}, type: _extensionType, method: ext.flutter.driver}
2021-03-27 17:54:49.032304 >>> {command: waitFor, timeout: 1000, finderType: ByValueKey, keyValueString: movieListed, keyValueType: String}
2021-03-27 17:54:49.111414 <<< {isError: false, response: {}, type: _extensionType, method: ext.flutter.driver}
2021-03-27 17:59:29.625851 >>> {command: get_health}
2021-03-27 17:59:29.677626 <<< {isError: false, response: {status: ok}, type: _extensionType, method: ext.flutter.driver}
2021-03-27 17:59:29.733710 >>> {command: waitFor, timeout: 1000, finderType: ByValueKey, keyValueString: movieListed, keyValueType: String}
2021-03-27 17:59:30.803384 <<< {isError: true, response: Timeout while executing waitFor: TimeoutException after 0:00:01.000000: Future not completed
, type: _extensionType, method: ext.flutter.driver}
2021-03-27 17:59:30.850724 >>> {command: tap, timeout: 30000, finderType: ByValueKey, keyValueString: movieListed, keyValueType: String}
2021-03-27 17:59:36.658593 <<< {isError: false, response: {}, type: _extensionType, method: ext.flutter.driver}
2021-03-27 17:59:36.698556 >>> {command: waitForCondition, timeout: 30000, conditionName: NoTransientCallbacksCondition}
2021-03-27 17:59:37.059906 <<< {isError: false, response: null, type: _extensionType, method: ext.flutter.driver}
2021-03-27 17:59:37.100788 >>> {command: waitFor, timeout: 1000, finderType: ByValueKey, keyValueString: movieDetail, keyValueType: String}
2021-03-27 17:59:38.186865 <<< {isError: true, response: Timeout while executing waitFor: TimeoutException after 0:00:01.000000: Future not completed
, type: _extensionType, method: ext.flutter.driver}
2021-03-27 18:01:11.600707 >>> {command: get_health}
2021-03-27 18:01:11.988435 <<< {isError: false, response: {status: ok}, type: _extensionType, method: ext.flutter.driver}
2021-03-27 18:01:12.048117 >>> {command: waitFor, timeout: 1000, finderType: ByValueKey, keyValueString: movieListed, keyValueType: String}
2021-03-27 18:01:12.124111 <<< {isError: false, response: {}, type: _extensionType, method: ext.flutter.driver}
2021-03-27 18:01:12.168249 >>> {command: tap, timeout: 30000, finderType: ByValueKey, keyValueString: movieListed, keyValueType: String}
2021-03-27 18:01:12.385505 <<< {isError: false, response: {}, type: _extensionType, method: ext.flutter.driver}
2021-03-27 18:01:12.429223 >>> {command: waitForCondition, timeout: 30000, conditionName: NoTransientCallbacksCondition}
2021-03-27 18:01:12.727255 <<< {isError: false, response: null, type: _extensionType, method: ext.flutter.driver}
2021-03-27 18:01:12.793990 >>> {command: waitFor, timeout: 1000, finderType: ByValueKey, keyValueString: movieDetail, keyValueType: String}
2021-03-27 18:01:13.904459 <<< {isError: true, response: Timeout while executing waitFor: TimeoutException after 0:00:01.000000: Future not completed
, type: _extensionType, method: ext.flutter.driver}
2021-03-27 18:03:00.290658 >>> {command: get_health}
2021-03-27 18:03:00.365484 <<< {isError: false, response: {status: ok}, type: _extensionType, method: ext.flutter.driver}
2021-03-27 18:03:00.421688 >>> {command: waitFor, timeout: 1000, finderType: ByValueKey, keyValueString: movieListed, keyValueType: String}
2021-03-27 18:03:00.481126 <<< {isError: false, response: {}, type: _extensionType, method: ext.flutter.driver}
2021-03-27 18:03:00.528937 >>> {command: tap, timeout: 30000, finderType: ByValueKey, keyValueString: movieListed, keyValueType: String}
2021-03-27 18:03:00.625227 <<< {isError: true, response: Uncaught extension error while executing tap: Bad state: Too many elements
#0      Iterable.single (dart:core/iterable.dart:500:24)
#1      WidgetController._getElementPoint (package:flutter_test/src/controller.dart:814:47)
#2      WidgetController.getCenter (package:flutter_test/src/controller.dart:786:12)
#3      WidgetController.tap (package:flutter_test/src/controller.dart:257:18)
#4      CommandHandlerFactory._tap (package:flutter_driver/src/common/handler_factory.dart:224:18)
<asynchronous suspension>
#5      Future.timeout.<anonymous closure> (dart:async/future_impl.dart)
<asynchronous suspension>
#6      FlutterDriverExtension.call (package:flutter_driver/src/extension/extension.dart:378:32)
<asynchronous suspension>
#7      BindingBase.registerServiceExtension.<anonymous closure> (package:flutter/src/foundation/binding.dart:597:18)
<asynchronous suspension>
, type: _extensionType, method: ext.flutter.driver}
2021-03-27 18:04:26.318293 >>> {command: get_health}
2021-03-27 18:04:26.456887 <<< {isError: false, response: {status: ok}, type: _extensionType, method: ext.flutter.driver}
2021-03-27 18:04:26.541282 >>> {command: waitFor, timeout: 1000, finderType: ByValueKey, keyValueString: movieListed, keyValueType: String}
2021-03-27 18:04:27.621160 <<< {isError: true, response: Timeout while executing waitFor: TimeoutException after 0:00:01.000000: Future not completed
, type: _extensionType, method: ext.flutter.driver}
2021-03-27 18:04:27.676578 >>> {command: tap, timeout: 30000, finderType: ByValueKey, keyValueString: movieListed, keyValueType: String}
2021-03-27 18:04:31.280261 <<< {isError: false, response: {}, type: _extensionType, method: ext.flutter.driver}
2021-03-27 18:04:31.350962 >>> {command: waitForCondition, timeout: 30000, conditionName: NoTransientCallbacksCondition}
2021-03-27 18:04:32.604187 <<< {isError: false, response: null, type: _extensionType, method: ext.flutter.driver}
2021-03-27 18:04:32.652628 >>> {command: waitFor, timeout: 1000, finderType: ByValueKey, keyValueString: movieDetail, keyValueType: String}
2021-03-27 18:04:32.708491 <<< {isError: false, response: {}, type: _extensionType, method: ext.flutter.driver}
2021-03-27 18:05:07.413696 >>> {command: get_health}
2021-03-27 18:05:07.482724 <<< {isError: false, response: {status: ok}, type: _extensionType, method: ext.flutter.driver}
2021-03-27 18:05:07.552551 >>> {command: waitFor, timeout: 1000, finderType: ByValueKey, keyValueString: movieListed, keyValueType: String}
2021-03-27 18:05:07.783567 <<< {isError: false, response: {}, type: _extensionType, method: ext.flutter.driver}
2021-03-27 18:05:07.842635 >>> {command: tap, timeout: 30000, finderType: ByValueKey, keyValueString: movieListed, keyValueType: String}
2021-03-27 18:05:08.123453 <<< {isError: false, response: {}, type: _extensionType, method: ext.flutter.driver}
2021-03-27 18:05:08.173059 >>> {command: waitForCondition, timeout: 30000, conditionName: NoTransientCallbacksCondition}
2021-03-27 18:05:08.857397 <<< {isError: false, response: null, type: _extensionType, method: ext.flutter.driver}
2021-03-27 18:05:08.907994 >>> {command: waitFor, timeout: 1000, finderType: ByValueKey, keyValueString: movieDetail, keyValueType: String}
2021-03-27 18:05:08.960998 <<< {isError: false, response: {}, type: _extensionType, method: ext.flutter.driver}
2021-03-27 18:05:55.888154 >>> {command: get_health}
2021-03-27 18:05:56.088846 <<< {isError: false, response: {status: ok}, type: _extensionType, method: ext.flutter.driver}
2021-03-27 18:05:56.179960 >>> {command: waitFor, timeout: 1000, finderType: ByValueKey, keyValueString: movieListed, keyValueType: String}
2021-03-27 18:05:56.241933 <<< {isError: false, response: {}, type: _extensionType, method: ext.flutter.driver}
2021-03-27 18:05:56.295372 >>> {command: tap, timeout: 30000, finderType: ByValueKey, keyValueString: movieListed, keyValueType: String}
2021-03-27 18:05:56.549204 <<< {isError: false, response: {}, type: _extensionType, method: ext.flutter.driver}
2021-03-27 18:05:56.599363 >>> {command: waitForCondition, timeout: 30000, conditionName: NoTransientCallbacksCondition}
2021-03-27 18:05:57.336182 <<< {isError: false, response: null, type: _extensionType, method: ext.flutter.driver}
2021-03-27 18:05:57.389971 >>> {command: waitFor, timeout: 1000, finderType: ByValueKey, keyValueString: movieDetail, keyValueType: String}
2021-03-27 18:05:57.444973 <<< {isError: false, response: {}, type: _extensionType, method: ext.flutter.driver}
2021-03-27 18:06:26.320796 >>> {command: get_health}
2021-03-27 18:06:26.471313 <<< {isError: false, response: {status: ok}, type: _extensionType, method: ext.flutter.driver}
2021-03-27 18:06:26.568934 >>> {command: waitFor, timeout: 1000, finderType: ByValueKey, keyValueString: movieListed, keyValueType: String}
2021-03-27 18:06:26.656041 <<< {isError: false, response: {}, type: _extensionType, method: ext.flutter.driver}
2021-03-27 18:06:26.719561 >>> {command: tap, timeout: 30000, finderType: ByValueKey, keyValueString: movieListed, keyValueType: String}
2021-03-27 18:06:26.869020 <<< {isError: false, response: {}, type: _extensionType, method: ext.flutter.driver}
2021-03-27 18:06:26.931009 >>> {command: waitForCondition, timeout: 30000, conditionName: NoTransientCallbacksCondition}
2021-03-27 18:06:27.916870 <<< {isError: false, response: null, type: _extensionType, method: ext.flutter.driver}
2021-03-27 18:06:27.972692 >>> {command: waitFor, timeout: 1000, finderType: ByValueKey, keyValueString: movieDetail, keyValueType: String}
2021-03-27 18:06:28.042315 <<< {isError: false, response: {}, type: _extensionType, method: ext.flutter.driver}
2021-03-27 18:43:41.441691 >>> {command: get_health}
2021-03-27 18:43:41.531459 <<< {isError: false, response: {status: ok}, type: _extensionType, method: ext.flutter.driver}
2021-03-27 18:43:41.610952 >>> {command: waitFor, timeout: 1000, finderType: ByValueKey, keyValueString: movieListed, keyValueType: String}
2021-03-27 18:43:42.110146 <<< {isError: false, response: {}, type: _extensionType, method: ext.flutter.driver}
2021-03-27 18:43:42.172941 >>> {command: tap, timeout: 30000, finderType: ByValueKey, keyValueString: movieListed, keyValueType: String}
2021-03-27 18:43:42.487889 <<< {isError: false, response: {}, type: _extensionType, method: ext.flutter.driver}
2021-03-27 18:43:42.543668 >>> {command: waitForCondition, timeout: 30000, conditionName: NoTransientCallbacksCondition}
2021-03-27 18:43:43.359828 <<< {isError: false, response: null, type: _extensionType, method: ext.flutter.driver}
2021-03-27 18:43:43.426956 >>> {command: waitFor, timeout: 1000, finderType: ByValueKey, keyValueString: movieDetail, keyValueType: String}
2021-03-27 18:43:43.509064 <<< {isError: false, response: {}, type: _extensionType, method: ext.flutter.driver}
